<?xml version="1.0" encoding="UTF-8"?>
<!-- Generated by org.testng.reporters.JUnitReportReporter -->
<testsuite hostname="LAPTOP-PV1L9LI8" failures="0" tests="2" name="com.cjc.tesng.ExampleOfDataProvider" time="5.285" errors="0" timestamp="2024-10-26T15:52:35 IST" skipped="0">
  <testcase classname="com.cjc.tesng.ExampleOfDataProvider" name="logincheck" time="2.645"/>
  <system-out/>
  <testcase classname="com.cjc.tesng.ExampleOfDataProvider" name="logincheck" time="2.640"/>
  <system-out/>
</testsuite> <!-- com.cjc.tesng.ExampleOfDataProvider -->
