<?xml version="1.0" encoding="UTF-8"?>
<!-- Generated by org.testng.reporters.JUnitReportReporter -->
<testsuite hostname="LAPTOP-PV1L9LI8" failures="0" tests="1" name="com.cjc.tesng.UsingDataProvider" time="5.137" errors="0" timestamp="2024-10-28T13:55:43 IST" skipped="0">
  <testcase classname="com.cjc.tesng.UsingDataProvider" name="LoginPage" time="5.137"/>
  <system-out/>
</testsuite> <!-- com.cjc.tesng.UsingDataProvider -->
