<?xml version="1.0" encoding="UTF-8"?>
<!-- Generated by org.testng.reporters.JUnitReportReporter -->
<testsuite hostname="LAPTOP-PV1L9LI8" failures="0" tests="1" name="com.cjc.tesng.UsingGroupingConcept" time="1.780" errors="0" timestamp="2024-11-12T18:44:51 IST" skipped="0">
  <testcase classname="com.cjc.tesng.UsingGroupingConcept" name="loginCheck" time="1.780"/>
  <system-out/>
</testsuite> <!-- com.cjc.tesng.UsingGroupingConcept -->
