<?xml version="1.0" encoding="UTF-8"?>
<!-- Generated by org.testng.reporters.JUnitReportReporter -->
<testsuite hostname="LAPTOP-PV1L9LI8" failures="0" tests="4" name="com.cjc.tesng.TestngPriority" time="0.021" errors="0" timestamp="2024-10-26T14:19:46 IST" skipped="0">
  <testcase classname="com.cjc.tesng.TestngPriority" name="div" time="0.015"/>
  <system-out/>
  <testcase classname="com.cjc.tesng.TestngPriority" name="add" time="0.002"/>
  <system-out/>
  <testcase classname="com.cjc.tesng.TestngPriority" name="sub" time="0.002"/>
  <system-out/>
  <testcase classname="com.cjc.tesng.TestngPriority" name="mul" time="0.002"/>
  <system-out/>
</testsuite> <!-- com.cjc.tesng.TestngPriority -->
