<?xml version="1.0" encoding="UTF-8"?>
<!-- Generated by org.testng.reporters.JUnitReportReporter -->
<testsuite hostname="LAPTOP-PV1L9LI8" failures="0" tests="8" name="com.cjc.tesng.SamePriorityExample" time="0.066" errors="0" timestamp="2024-10-26T14:36:11 IST" skipped="0">
  <testcase classname="com.cjc.tesng.SamePriorityExample" name="AreaOfCirlce" time="0.033"/>
  <system-out/>
  <testcase classname="com.cjc.tesng.SamePriorityExample" name="sub" time="0.004"/>
  <system-out/>
  <testcase classname="com.cjc.tesng.SamePriorityExample" name="AreaofParallelogram" time="0.005"/>
  <system-out/>
  <testcase classname="com.cjc.tesng.SamePriorityExample" name="add" time="0.004"/>
  <system-out/>
  <testcase classname="com.cjc.tesng.SamePriorityExample" name="mul" time="0.005"/>
  <system-out/>
  <testcase classname="com.cjc.tesng.SamePriorityExample" name="div" time="0.004"/>
  <system-out/>
  <testcase classname="com.cjc.tesng.SamePriorityExample" name="AreaOfTriangle" time="0.005"/>
  <system-out/>
  <testcase classname="com.cjc.tesng.SamePriorityExample" name="AreaofTrapazium" time="0.006"/>
  <system-out/>
</testsuite> <!-- com.cjc.tesng.SamePriorityExample -->
