<?xml version="1.0" encoding="UTF-8"?>
<!-- Generated by org.testng.reporters.JUnitReportReporter -->
<testsuite hostname="LAPTOP-PV1L9LI8" failures="0" tests="1" name="com.cjc.tesng.NewTest" time="0.012" errors="0" timestamp="2024-10-25T16:07:23 IST" skipped="0">
  <testcase classname="com.cjc.tesng.NewTest" name="f" time="0.012"/>
  <system-out/>
</testsuite> <!-- com.cjc.tesng.NewTest -->
