<?xml version="1.0" encoding="UTF-8"?>
<!-- Generated by org.testng.reporters.JUnitReportReporter -->
<testsuite hostname="LAPTOP-PV1L9LI8" failures="0" tests="1" name="com.cjc.tesng.MTlogin" time="2.074" errors="0" timestamp="2024-10-25T18:40:26 IST" skipped="0">
  <testcase classname="com.cjc.tesng.MTlogin" name="loginCheck" time="2.074"/>
  <system-out/>
</testsuite> <!-- com.cjc.tesng.MTlogin -->
